<?xml version="1.0" encoding="UTF-8"?>
<!-- Generated by org.testng.reporters.JUnitReportReporter -->
<testsuite hostname="DESKTOP-R2PF66N" failures="0" tests="1" name="com.pages_test.Buyer_organization_login_pagetest" time="3.110" errors="0" timestamp="2023-10-04T09:06:15 IST" skipped="0">
  <testcase classname="com.pages_test.Buyer_organization_login_pagetest" name="buyerlogin_pagetest" time="3.110"/>
</testsuite> <!-- com.pages_test.Buyer_organization_login_pagetest -->
