<?xml version="1.0" encoding="UTF-8"?>
<!-- Generated by org.testng.reporters.JUnitReportReporter -->
<testsuite hostname="DESKTOP-R2PF66N" failures="0" tests="1" name="Test.Bidz.ai.Page_Test.Bidz_Login_PageTest" time="10.703" errors="0" timestamp="2023-10-13T16:13:30 IST" skipped="0">
  <testcase classname="Test.Bidz.ai.Page_Test.Bidz_Login_PageTest" name="BuyerLoginpage" time="10.703"/>
</testsuite> <!-- Test.Bidz.ai.Page_Test.Bidz_Login_PageTest -->
