<?xml version="1.0" encoding="UTF-8"?>
<!-- Generated by org.testng.reporters.JUnitReportReporter -->
<testsuite hostname="DESKTOP-R2PF66N" failures="0" tests="1" name="com.pages_test.Buyer_Rfq_pagetest" time="44.667" errors="0" timestamp="2023-10-04T09:06:15 IST" skipped="0">
  <testcase classname="com.pages_test.Buyer_Rfq_pagetest" name="Buyer_Rfq_pagetest" time="44.667"/>
</testsuite> <!-- com.pages_test.Buyer_Rfq_pagetest -->
