<?xml version="1.0" encoding="UTF-8"?>
<!-- Generated by org.testng.reporters.JUnitReportReporter -->
<testsuite hostname="DESKTOP-R2PF66N" failures="0" tests="1" name="com.pages_test.gmail_pagetest" time="23.974" errors="0" timestamp="2023-10-03T13:54:58 IST" skipped="0">
  <testcase classname="com.pages_test.gmail_pagetest" name="gmail_pagetest" time="23.974"/>
</testsuite> <!-- com.pages_test.gmail_pagetest -->
