<?xml version="1.0" encoding="UTF-8"?>
<!-- Generated by org.testng.reporters.JUnitReportReporter -->
<testsuite hostname="DESKTOP-R2PF66N" failures="0" tests="1" name="com.pages_test.vendor_signup_documents_pagetest" time="31.459" errors="0" timestamp="2023-10-03T13:54:58 IST" skipped="0">
  <testcase classname="com.pages_test.vendor_signup_documents_pagetest" name="Documents_pagetest" time="31.459"/>
</testsuite> <!-- com.pages_test.vendor_signup_documents_pagetest -->
